#
# A fatal error has been detected by the Java Runtime Environment:
#
#  SIGSEGV (0xb) at pc=0x00007fda4d05b17a, pid=12925, tid=140575317063424
#
# JRE version: Java(TM) SE Runtime Environment (7.0_67-b01) (build 1.7.0_67-b01)
# Java VM: Java HotSpot(TM) 64-Bit Server VM (24.65-b04 mixed mode linux-amd64 compressed oops)
# Problematic frame:
# v  ~BufferBlob::jni_fast_GetLongField
#
# Failed to write core dump. Core dumps have been disabled. To enable core dumping, try "ulimit -c unlimited" before starting Java again
#
# If you would like to submit a bug report, please visit:
#   http://bugreport.sun.com/bugreport/crash.jsp
# The crash happened outside the Java Virtual Machine in native code.
# See problematic frame for where to report the bug.
#

---------------  T H R E A D  ---------------

Current thread (0x00007fda50194800):  JavaThread "AWT-XAWT" daemon [_thread_in_native, id=12941, stack(0x00007fda3dc67000,0x00007fda3dd68000)]

siginfo:si_signo=SIGSEGV: si_errno=0, si_code=1 (SEGV_MAPERR), si_addr=0x0000000000000000

Registers:
RAX=0x00007fda57c54900, RBX=0x00000000c05feb38, RCX=0x00007fda586ab320, RDX=0x0000000000000042
RSP=0x00007fda3dd666b8, RBP=0x00007fda3dd666e0, RSI=0x0000000000000000, RDI=0x00007fda501949e8
R8 =0x00007fda3ef1c250, R9 =0x0000000000000000, R10=0x0000000000000004, R11=0x00007fda576f0870
R12=0x00007fda501949e8, R13=0x0000000000000000, R14=0x00007fda3f682fe0, R15=0x00007fda50194800
RIP=0x00007fda4d05b17a, EFLAGS=0x0000000000010246, CSGSFS=0x0000000000000033, ERR=0x0000000000000004
  TRAPNO=0x000000000000000e

Top of Stack: (sp=0x00007fda3dd666b8)
0x00007fda3dd666b8:   00007fda3f44d801 00000000c05feb38
0x00007fda3dd666c8:   00007fd9f8007850 00000000c05feb38
0x00007fda3dd666d8:   00007fda3dd667c8 0000000000000000
0x00007fda3dd666e8:   00007fda3ef244e0 00000000c05feb38
0x00007fda3dd666f8:   00007fda3dd66720 0000000000000000
0x00007fda3dd66708:   00007fda3ef1c273 00000000c05feb38
0x00007fda3dd66718:   00007fda3f44368f 00007fda3dd66790
0x00007fda3dd66728:   00007fda4d0127f8 00000000c054b910
0x00007fda3dd66738:   0000000000000000 00007fda3dd66760
0x00007fda3dd66748:   00007fda3dd667b0 00007fda3dd66750
0x00007fda3dd66758:   0000000000000000 00007fda3dd667c8
0x00007fda3dd66768:   00000000c0604c08 0000000000000000
0x00007fda3dd66778:   00000000c05feb38 0000000000000000
0x00007fda3dd66788:   00007fda3dd667b0 00007fda3dd66810
0x00007fda3dd66798:   00007fda4d006350 00000000ec7bc788
0x00007fda3dd667a8:   00007fda4d00ecc0 0000000000000000
0x00007fda3dd667b8:   00007fda3dd66810 00007fda0c008630
0x00007fda3dd667c8:   00000000ec800370 00007fda3dd667d0
0x00007fda3dd667d8:   00000000c0712c4c 00007fda3dd66858
0x00007fda3dd667e8:   00000000c071e6e8 0000000000000000
0x00007fda3dd667f8:   00000000c0712d80 00007fda3dd667b0
0x00007fda3dd66808:   00007fda3dd66850 00007fda3dd668a0
0x00007fda3dd66818:   00007fda4d006058 0000000000000000
0x00007fda3dd66828:   00000000ec8d6830 0000000000000000
0x00007fda3dd66838:   0000000000000000 0000000000000000
0x00007fda3dd66848:   00000000ec800370 0000000000000000
0x00007fda3dd66858:   00000000ec7e7998 00007fda3dd66860
0x00007fda3dd66868:   00000000c0712a55 00007fda3dd668b0
0x00007fda3dd66878:   00000000c071e6e8 0000000000000000
0x00007fda3dd66888:   00000000c0712a60 00007fda3dd66850
0x00007fda3dd66898:   00007fda3dd668b0 00007fda3dd668f8
0x00007fda3dd668a8:   00007fda4d006706 00000000ec7e7998 

Instructions: (pc=0x00007fda4d05b17a)
0x00007fda4d05b15a:   00 00 00 00 00 00 44 8b 15 01 d2 c2 0a 4c 8b ce
0x00007fda4d05b16a:   41 f6 c2 01 0f 85 2e 00 00 00 4d 33 ca 4d 33 ca
0x00007fda4d05b17a:   4d 8b 09 4c 8b da 49 c1 eb 02 4b 8b 04 19 49 bb
0x00007fda4d05b18a:   68 83 c8 57 da 7f 00 00 4c 33 d8 4c 33 d8 45 3b 

Register to memory mapping:

RAX=0x00007fda57c54900: <offset 0xe16900> in /usr/lib/jvm/java-7-oracle/jre/lib/amd64/server/libjvm.so at 0x00007fda56e3e000
RBX=0x00000000c05feb38 is an oop
{method} 
 - klass: {other class}
RCX=0x00007fda586ab320: <offset 0x219320> in /lib/x86_64-linux-gnu/libpthread.so.0 at 0x00007fda58492000
RDX=0x0000000000000042 is an unknown value
RSP=0x00007fda3dd666b8 is pointing into the stack for thread: 0x00007fda50194800
RBP=0x00007fda3dd666e0 is pointing into the stack for thread: 0x00007fda50194800
RSI=0x0000000000000000 is an unknown value
RDI=0x00007fda501949e8 is an unknown value
R8 =0x00007fda3ef1c250: <offset 0x5a250> in /usr/lib/x86_64-linux-gnu/libX11.so.6 at 0x00007fda3eec2000
R9 =0x0000000000000000 is an unknown value
R10=0x0000000000000004 is an unknown value
R11=0x00007fda576f0870: <offset 0x8b2870> in /usr/lib/jvm/java-7-oracle/jre/lib/amd64/server/libjvm.so at 0x00007fda56e3e000
R12=0x00007fda501949e8 is an unknown value
R13=0x0000000000000000 is an unknown value
R14=0x00007fda3f682fe0: <offset 0x253fe0> in /usr/lib/jvm/java-7-oracle/jre/lib/amd64/xawt/libmawt.so at 0x00007fda3f42f000
R15=0x00007fda50194800 is a thread


Stack: [0x00007fda3dc67000,0x00007fda3dd68000],  sp=0x00007fda3dd666b8,  free space=1021k
Native frames: (J=compiled Java code, j=interpreted, Vv=VM code, C=native code)
v  ~BufferBlob::jni_fast_GetLongField

Java frames: (J=compiled Java code, j=interpreted, Vv=VM code)
j  sun.awt.X11.XlibWrapper.XFilterEvent(JJ)Z+0
j  sun.awt.X11.XToolkit.run(Z)V+300
j  sun.awt.X11.XToolkit.run()V+5
j  java.lang.Thread.run()V+11
v  ~StubRoutines::call_stub

---------------  P R O C E S S  ---------------

Java Threads: ( => current thread )
  0x00007fd9f800a800 JavaThread "TimerQueue" daemon [_thread_blocked, id=12945, stack(0x00007fda3cf43000,0x00007fda3d044000)]
  0x00007fda5000a800 JavaThread "DestroyJavaVM" [_thread_blocked, id=12926, stack(0x00007fda587a9000,0x00007fda588aa000)]
  0x00007fda50215800 JavaThread "AWT-EventQueue-0" [_thread_blocked, id=12944, stack(0x00007fda3d044000,0x00007fda3d145000)]
  0x00007fda501d3000 JavaThread "AWT-Shutdown" [_thread_blocked, id=12943, stack(0x00007fda3da65000,0x00007fda3db66000)]
=>0x00007fda50194800 JavaThread "AWT-XAWT" daemon [_thread_in_native, id=12941, stack(0x00007fda3dc67000,0x00007fda3dd68000)]
  0x00007fda5016e000 JavaThread "Java2D Disposer" daemon [_thread_blocked, id=12940, stack(0x00007fda3e178000,0x00007fda3e279000)]
  0x00007fda500f4000 JavaThread "Monitor Ctrl-Break" daemon [_thread_in_native, id=12939, stack(0x00007fda3fb6d000,0x00007fda3fc6e000)]
  0x00007fda50097000 JavaThread "Service Thread" daemon [_thread_blocked, id=12937, stack(0x00007fda4c011000,0x00007fda4c112000)]
  0x00007fda50095000 JavaThread "C2 CompilerThread1" daemon [_thread_blocked, id=12936, stack(0x00007fda4c112000,0x00007fda4c213000)]
  0x00007fda50092000 JavaThread "C2 CompilerThread0" daemon [_thread_blocked, id=12935, stack(0x00007fda4c213000,0x00007fda4c314000)]
  0x00007fda50090000 JavaThread "Signal Dispatcher" daemon [_thread_blocked, id=12934, stack(0x00007fda4c314000,0x00007fda4c415000)]
  0x00007fda50070800 JavaThread "Finalizer" daemon [_thread_blocked, id=12933, stack(0x00007fda4cafb000,0x00007fda4cbfc000)]
  0x00007fda5006e800 JavaThread "Reference Handler" daemon [_thread_blocked, id=12932, stack(0x00007fda4cbfc000,0x00007fda4ccfd000)]

Other Threads:
  0x00007fda5006a000 VMThread [stack: 0x00007fda4ccfd000,0x00007fda4cdfe000] [id=12931]
  0x00007fda500a2000 WatcherThread [stack: 0x00007fda3feff000,0x00007fda40000000] [id=12938]

VM state:not at safepoint (normal execution)

VM Mutex/Monitor currently owned by a thread: None

Heap
 PSYoungGen      total 17920K, used 10236K [0x00000000ec680000, 0x00000000eda80000, 0x0000000100000000)
  eden space 15360K, 66% used [0x00000000ec680000,0x00000000ed07f120,0x00000000ed580000)
  from space 2560K, 0% used [0x00000000ed800000,0x00000000ed800000,0x00000000eda80000)
  to   space 2560K, 0% used [0x00000000ed580000,0x00000000ed580000,0x00000000ed800000)
 ParOldGen       total 39936K, used 0K [0x00000000c5400000, 0x00000000c7b00000, 0x00000000ec680000)
  object space 39936K, 0% used [0x00000000c5400000,0x00000000c5400000,0x00000000c7b00000)
 PSPermGen       total 21504K, used 10343K [0x00000000c0200000, 0x00000000c1700000, 0x00000000c5400000)
  object space 21504K, 48% used [0x00000000c0200000,0x00000000c0c19d88,0x00000000c1700000)

Card table byte_map: [0x00007fda558a0000,0x00007fda55aa0000] byte_map_base: 0x00007fda5529f000

Polling page: 0x00007fda588cf000

Code Cache  [0x00007fda4d000000, 0x00007fda4d270000, 0x00007fda50000000)
 total_blobs=464 nmethods=19 adapters=400 free_code_cache=48586Kb largest_free_block=49735040

Compilation events (10 events):
Event: 0.394 Thread 0x00007fda50095000 nmethod 12 0x00007fda4d0854d0 code [0x00007fda4d085660, 0x00007fda4d085e58]
Event: 0.397 Thread 0x00007fda50092000 nmethod 13 0x00007fda4d08a2d0 code [0x00007fda4d08a460, 0x00007fda4d08abc8]
Event: 0.398 Thread 0x00007fda50095000   14 %           java.util.Properties::load0 @ 30 (250 bytes)
Event: 0.415 Thread 0x00007fda50095000 nmethod 14% 0x00007fda4d08d2d0 code [0x00007fda4d08d4c0, 0x00007fda4d08e060]
Event: 1.785 Thread 0x00007fda50092000   16             java.lang.Enum::ordinal (5 bytes)
Event: 1.786 Thread 0x00007fda50092000 nmethod 16 0x00007fda4d090110 code [0x00007fda4d090240, 0x00007fda4d090298]
Event: 1.796 Thread 0x00007fda50095000   17             sun.util.logging.PlatformLogger$Level::intValue (9 bytes)
Event: 1.797 Thread 0x00007fda50095000 nmethod 17 0x00007fda4d08fed0 code [0x00007fda4d090000, 0x00007fda4d090078]
Event: 1.817 Thread 0x00007fda50092000   18             java.lang.Math::min (11 bytes)
Event: 1.817 Thread 0x00007fda50092000 nmethod 18 0x00007fda4d079f90 code [0x00007fda4d07a0c0, 0x00007fda4d07a0f8]

GC Heap History (0 events):
No events

Deoptimization events (0 events):
No events

Internal exceptions (10 events):
Event: 0.095 Thread 0x00007fda5000a800 Threw 0x00000000ec74de20 at /HUDSON/workspace/7u-2-build-linux-amd64/jdk7u67/1368/hotspot/src/share/vm/prims/jvm.cpp:1244
Event: 0.097 Thread 0x00007fda5000a800 Threw 0x00000000ec750c60 at /HUDSON/workspace/7u-2-build-linux-amd64/jdk7u67/1368/hotspot/src/share/vm/prims/jvm.cpp:1244
Event: 0.108 Thread 0x00007fda5000a800 Threw 0x00000000ec75e890 at /HUDSON/workspace/7u-2-build-linux-amd64/jdk7u67/1368/hotspot/src/share/vm/prims/jni.cpp:717
Event: 0.108 Thread 0x00007fda5000a800 Threw 0x00000000ec75f190 at /HUDSON/workspace/7u-2-build-linux-amd64/jdk7u67/1368/hotspot/src/share/vm/prims/jni.cpp:717
Event: 0.287 Thread 0x00007fda5000a800 Threw 0x00000000ec8b3968 at /HUDSON/workspace/7u-2-build-linux-amd64/jdk7u67/1368/hotspot/src/share/vm/prims/jvm.cpp:1244
Event: 0.430 Thread 0x00007fda5000a800 Threw 0x00000000ecfcc350 at /HUDSON/workspace/7u-2-build-linux-amd64/jdk7u67/1368/hotspot/src/share/vm/runtime/reflection.cpp:1030
Event: 0.487 Thread 0x00007fda50215800 Threw 0x00000000ecff50b8 at /HUDSON/workspace/7u-2-build-linux-amd64/jdk7u67/1368/hotspot/src/share/vm/prims/jvm.cpp:1244
Event: 0.487 Thread 0x00007fda50215800 Threw 0x00000000ecff52e0 at /HUDSON/workspace/7u-2-build-linux-amd64/jdk7u67/1368/hotspot/src/share/vm/prims/jvm.cpp:1244
Event: 0.487 Thread 0x00007fda50215800 Threw 0x00000000ecff7750 at /HUDSON/workspace/7u-2-build-linux-amd64/jdk7u67/1368/hotspot/src/share/vm/prims/jvm.cpp:1244
Event: 0.487 Thread 0x00007fda50215800 Threw 0x00000000ecff7978 at /HUDSON/workspace/7u-2-build-linux-amd64/jdk7u67/1368/hotspot/src/share/vm/prims/jvm.cpp:1244

Events (10 events):
Event: 3.836 loading class 0x00007fda180918a0
Event: 3.836 loading class 0x00007fda180918a0 done
Event: 3.836 loading class 0x00007fda180915f0
Event: 3.836 loading class 0x00007fda180915f0 done
Event: 3.837 Thread 0x00007fd9f800a800 Thread added: 0x00007fd9f800a800
Event: 4.064 Executing VM operation: EnableBiasedLocking
Event: 4.064 Executing VM operation: EnableBiasedLocking done
Event: 5.286 Thread 0x00007fda501a5000 Thread exited: 0x00007fda501a5000
Event: 800.958 loading class 0x00007fda50114200
Event: 800.959 loading class 0x00007fda50114200 done


Dynamic libraries:
00400000-00401000 r-xp 00000000 08:01 29630199                           /usr/lib/jvm/java-7-oracle/bin/java
00600000-00601000 rw-p 00000000 08:01 29630199                           /usr/lib/jvm/java-7-oracle/bin/java
00c3a000-00c5b000 rw-p 00000000 00:00 0                                  [heap]
c0200000-c1700000 rw-p 00000000 00:00 0 
c1700000-c5400000 rw-p 00000000 00:00 0 
c5400000-c7b00000 rw-p 00000000 00:00 0 
c7b00000-ec680000 rw-p 00000000 00:00 0 
ec680000-eda80000 rw-p 00000000 00:00 0 
eda80000-100000000 rw-p 00000000 00:00 0 
7fd9f8000000-7fd9f8021000 rw-p 00000000 00:00 0 
7fd9f8021000-7fd9fc000000 ---p 00000000 00:00 0 
7fd9fc000000-7fd9fc021000 rw-p 00000000 00:00 0 
7fd9fc021000-7fda00000000 ---p 00000000 00:00 0 
7fda00000000-7fda00029000 rw-p 00000000 00:00 0 
7fda00029000-7fda04000000 ---p 00000000 00:00 0 
7fda04000000-7fda04021000 rw-p 00000000 00:00 0 
7fda04021000-7fda08000000 ---p 00000000 00:00 0 
7fda08000000-7fda08021000 rw-p 00000000 00:00 0 
7fda08021000-7fda0c000000 ---p 00000000 00:00 0 
7fda0c000000-7fda0c021000 rw-p 00000000 00:00 0 
7fda0c021000-7fda10000000 ---p 00000000 00:00 0 
7fda10000000-7fda10021000 rw-p 00000000 00:00 0 
7fda10021000-7fda14000000 ---p 00000000 00:00 0 
7fda14000000-7fda14021000 rw-p 00000000 00:00 0 
7fda14021000-7fda18000000 ---p 00000000 00:00 0 
7fda18000000-7fda180f1000 rw-p 00000000 00:00 0 
7fda180f1000-7fda1c000000 ---p 00000000 00:00 0 
7fda1c000000-7fda1c021000 rw-p 00000000 00:00 0 
7fda1c021000-7fda20000000 ---p 00000000 00:00 0 
7fda20000000-7fda20021000 rw-p 00000000 00:00 0 
7fda20021000-7fda24000000 ---p 00000000 00:00 0 
7fda24000000-7fda24336000 rw-p 00000000 00:00 0 
7fda24336000-7fda28000000 ---p 00000000 00:00 0 
7fda28000000-7fda28021000 rw-p 00000000 00:00 0 
7fda28021000-7fda2c000000 ---p 00000000 00:00 0 
7fda2c000000-7fda2c021000 rw-p 00000000 00:00 0 
7fda2c021000-7fda30000000 ---p 00000000 00:00 0 
7fda30000000-7fda30021000 rw-p 00000000 00:00 0 
7fda30021000-7fda34000000 ---p 00000000 00:00 0 
7fda36010000-7fda38000000 rw-p 00000000 00:00 0 
7fda38000000-7fda38021000 rw-p 00000000 00:00 0 
7fda38021000-7fda3c000000 ---p 00000000 00:00 0 
7fda3cf43000-7fda3cf46000 ---p 00000000 00:00 0 
7fda3cf46000-7fda3d044000 rw-p 00000000 00:00 0                          [stack:12945]
7fda3d044000-7fda3d047000 ---p 00000000 00:00 0 
7fda3d047000-7fda3d145000 rw-p 00000000 00:00 0                          [stack:12944]
7fda3d145000-7fda3d1ae000 r-xp 00000000 08:01 29633428                   /usr/lib/jvm/java-7-oracle/jre/lib/amd64/libt2k.so
7fda3d1ae000-7fda3d3ad000 ---p 00069000 08:01 29633428                   /usr/lib/jvm/java-7-oracle/jre/lib/amd64/libt2k.so
7fda3d3ad000-7fda3d3b4000 rw-p 00068000 08:01 29633428                   /usr/lib/jvm/java-7-oracle/jre/lib/amd64/libt2k.so
7fda3d3b4000-7fda3d3c4000 rw-p 00000000 00:00 0 
7fda3d3c4000-7fda3d3d4000 r-xp 00000000 08:01 29633424                   /usr/lib/jvm/java-7-oracle/jre/lib/amd64/libnio.so
7fda3d3d4000-7fda3d5d4000 ---p 00010000 08:01 29633424                   /usr/lib/jvm/java-7-oracle/jre/lib/amd64/libnio.so
7fda3d5d4000-7fda3d5d5000 rw-p 00010000 08:01 29633424                   /usr/lib/jvm/java-7-oracle/jre/lib/amd64/libnio.so
7fda3d5d5000-7fda3d5eb000 r-xp 00000000 08:01 27131933                   /lib/x86_64-linux-gnu/libgcc_s.so.1
7fda3d5eb000-7fda3d7ea000 ---p 00016000 08:01 27131933                   /lib/x86_64-linux-gnu/libgcc_s.so.1
7fda3d7ea000-7fda3d7eb000 r--p 00015000 08:01 27131933                   /lib/x86_64-linux-gnu/libgcc_s.so.1
7fda3d7eb000-7fda3d7ec000 rw-p 00016000 08:01 27131933                   /lib/x86_64-linux-gnu/libgcc_s.so.1
7fda3d7ec000-7fda3d851000 r-xp 00000000 08:01 29633419                   /usr/lib/jvm/java-7-oracle/jre/lib/amd64/libfontmanager.so
7fda3d851000-7fda3da50000 ---p 00065000 08:01 29633419                   /usr/lib/jvm/java-7-oracle/jre/lib/amd64/libfontmanager.so
7fda3da50000-7fda3da54000 rw-p 00064000 08:01 29633419                   /usr/lib/jvm/java-7-oracle/jre/lib/amd64/libfontmanager.so
7fda3da54000-7fda3da65000 rw-p 00000000 00:00 0 
7fda3da65000-7fda3da68000 ---p 00000000 00:00 0 
7fda3da68000-7fda3db66000 rw-p 00000000 00:00 0                          [stack:12943]
7fda3db66000-7fda3db69000 ---p 00000000 00:00 0 
7fda3db69000-7fda3dc67000 rw-p 00000000 00:00 0 
7fda3dc67000-7fda3dc6a000 ---p 00000000 00:00 0 
7fda3dc6a000-7fda3dd68000 rw-p 00000000 00:00 0                          [stack:12941]
7fda3dd68000-7fda3dd6d000 r-xp 00000000 08:01 29109987                   /usr/lib/x86_64-linux-gnu/libXfixes.so.3.1.0
7fda3dd6d000-7fda3df6c000 ---p 00005000 08:01 29109987                   /usr/lib/x86_64-linux-gnu/libXfixes.so.3.1.0
7fda3df6c000-7fda3df6d000 r--p 00004000 08:01 29109987                   /usr/lib/x86_64-linux-gnu/libXfixes.so.3.1.0
7fda3df6d000-7fda3df6e000 rw-p 00005000 08:01 29109987                   /usr/lib/x86_64-linux-gnu/libXfixes.so.3.1.0
7fda3df6e000-7fda3df77000 r-xp 00000000 08:01 29105653                   /usr/lib/x86_64-linux-gnu/libXcursor.so.1.0.2
7fda3df77000-7fda3e176000 ---p 00009000 08:01 29105653                   /usr/lib/x86_64-linux-gnu/libXcursor.so.1.0.2
7fda3e176000-7fda3e177000 r--p 00008000 08:01 29105653                   /usr/lib/x86_64-linux-gnu/libXcursor.so.1.0.2
7fda3e177000-7fda3e178000 rw-p 00009000 08:01 29105653                   /usr/lib/x86_64-linux-gnu/libXcursor.so.1.0.2
7fda3e178000-7fda3e17b000 ---p 00000000 00:00 0 
7fda3e17b000-7fda3e279000 rw-p 00000000 00:00 0                          [stack:12940]
7fda3e279000-7fda3e27e000 r-xp 00000000 08:01 29105449                   /usr/lib/x86_64-linux-gnu/libXdmcp.so.6.0.0
7fda3e27e000-7fda3e47d000 ---p 00005000 08:01 29105449                   /usr/lib/x86_64-linux-gnu/libXdmcp.so.6.0.0
7fda3e47d000-7fda3e47e000 r--p 00004000 08:01 29105449                   /usr/lib/x86_64-linux-gnu/libXdmcp.so.6.0.0
7fda3e47e000-7fda3e47f000 rw-p 00005000 08:01 29105449                   /usr/lib/x86_64-linux-gnu/libXdmcp.so.6.0.0
7fda3e47f000-7fda3e481000 r-xp 00000000 08:01 29105646                   /usr/lib/x86_64-linux-gnu/libXau.so.6.0.0
7fda3e481000-7fda3e681000 ---p 00002000 08:01 29105646                   /usr/lib/x86_64-linux-gnu/libXau.so.6.0.0
7fda3e681000-7fda3e682000 r--p 00002000 08:01 29105646                   /usr/lib/x86_64-linux-gnu/libXau.so.6.0.0
7fda3e682000-7fda3e683000 rw-p 00003000 08:01 29105646                   /usr/lib/x86_64-linux-gnu/libXau.so.6.0.0
7fda3e683000-7fda3e6a0000 r-xp 00000000 08:01 29106714                   /usr/lib/x86_64-linux-gnu/libxcb.so.1.1.0
7fda3e6a0000-7fda3e8a0000 ---p 0001d000 08:01 29106714                   /usr/lib/x86_64-linux-gnu/libxcb.so.1.1.0
7fda3e8a0000-7fda3e8a1000 r--p 0001d000 08:01 29106714                   /usr/lib/x86_64-linux-gnu/libxcb.so.1.1.0
7fda3e8a1000-7fda3e8a2000 rw-p 0001e000 08:01 29106714                   /usr/lib/x86_64-linux-gnu/libxcb.so.1.1.0
7fda3e8a2000-7fda3e8b1000 r-xp 00000000 08:01 29099357                   /usr/lib/x86_64-linux-gnu/libXi.so.6.1.0
7fda3e8b1000-7fda3eab0000 ---p 0000f000 08:01 29099357                   /usr/lib/x86_64-linux-gnu/libXi.so.6.1.0
7fda3eab0000-7fda3eab1000 r--p 0000e000 08:01 29099357                   /usr/lib/x86_64-linux-gnu/libXi.so.6.1.0
7fda3eab1000-7fda3eab2000 rw-p 0000f000 08:01 29099357                   /usr/lib/x86_64-linux-gnu/libXi.so.6.1.0
7fda3eab2000-7fda3eab7000 r-xp 00000000 08:01 29105687                   /usr/lib/x86_64-linux-gnu/libXtst.so.6.1.0
7fda3eab7000-7fda3ecb6000 ---p 00005000 08:01 29105687                   /usr/lib/x86_64-linux-gnu/libXtst.so.6.1.0
7fda3ecb6000-7fda3ecb7000 r--p 00004000 08:01 29105687                   /usr/lib/x86_64-linux-gnu/libXtst.so.6.1.0
7fda3ecb7000-7fda3ecb8000 rw-p 00005000 08:01 29105687                   /usr/lib/x86_64-linux-gnu/libXtst.so.6.1.0
7fda3ecb8000-7fda3ecc1000 r-xp 00000000 08:01 29105681                   /usr/lib/x86_64-linux-gnu/libXrender.so.1.3.0
7fda3ecc1000-7fda3eec0000 ---p 00009000 08:01 29105681                   /usr/lib/x86_64-linux-gnu/libXrender.so.1.3.0
7fda3eec0000-7fda3eec1000 r--p 00008000 08:01 29105681                   /usr/lib/x86_64-linux-gnu/libXrender.so.1.3.0
7fda3eec1000-7fda3eec2000 rw-p 00009000 08:01 29105681                   /usr/lib/x86_64-linux-gnu/libXrender.so.1.3.0
7fda3eec2000-7fda3eff5000 r-xp 00000000 08:01 29105443                   /usr/lib/x86_64-linux-gnu/libX11.so.6.3.0
7fda3eff5000-7fda3f1f5000 ---p 00133000 08:01 29105443                   /usr/lib/x86_64-linux-gnu/libX11.so.6.3.0
7fda3f1f5000-7fda3f1f6000 r--p 00133000 08:01 29105443                   /usr/lib/x86_64-linux-gnu/libX11.so.6.3.0
7fda3f1f6000-7fda3f1fa000 rw-p 00134000 08:01 29105443                   /usr/lib/x86_64-linux-gnu/libX11.so.6.3.0
7fda3f1fa000-7fda3f1fb000 rw-p 00000000 00:00 0 
7fda3f1fb000-7fda3f20c000 r-xp 00000000 08:01 29105659                   /usr/lib/x86_64-linux-gnu/libXext.so.6.4.0
7fda3f20c000-7fda3f40b000 ---p 00011000 08:01 29105659                   /usr/lib/x86_64-linux-gnu/libXext.so.6.4.0
7fda3f40b000-7fda3f40c000 r--p 00010000 08:01 29105659                   /usr/lib/x86_64-linux-gnu/libXext.so.6.4.0
7fda3f40c000-7fda3f40d000 rw-p 00011000 08:01 29105659                   /usr/lib/x86_64-linux-gnu/libXext.so.6.4.0
7fda3f42f000-7fda3f47f000 r-xp 00000000 08:01 29633405                   /usr/lib/jvm/java-7-oracle/jre/lib/amd64/xawt/libmawt.so
7fda3f47f000-7fda3f67f000 ---p 00050000 08:01 29633405                   /usr/lib/jvm/java-7-oracle/jre/lib/amd64/xawt/libmawt.so
7fda3f67f000-7fda3f683000 rw-p 00050000 08:01 29633405                   /usr/lib/jvm/java-7-oracle/jre/lib/amd64/xawt/libmawt.so
7fda3f683000-7fda3f684000 rw-p 00000000 00:00 0 
7fda3f684000-7fda3f726000 r-xp 00000000 08:01 29633446                   /usr/lib/jvm/java-7-oracle/jre/lib/amd64/libawt.so
7fda3f726000-7fda3f926000 ---p 000a2000 08:01 29633446                   /usr/lib/jvm/java-7-oracle/jre/lib/amd64/libawt.so
7fda3f926000-7fda3f932000 rw-p 000a2000 08:01 29633446                   /usr/lib/jvm/java-7-oracle/jre/lib/amd64/libawt.so
7fda3f932000-7fda3f956000 rw-p 00000000 00:00 0 
7fda3f956000-7fda3f96c000 r-xp 00000000 08:01 29633447                   /usr/lib/jvm/java-7-oracle/jre/lib/amd64/libnet.so
7fda3f96c000-7fda3fb6c000 ---p 00016000 08:01 29633447                   /usr/lib/jvm/java-7-oracle/jre/lib/amd64/libnet.so
7fda3fb6c000-7fda3fb6d000 rw-p 00016000 08:01 29633447                   /usr/lib/jvm/java-7-oracle/jre/lib/amd64/libnet.so
7fda3fb6d000-7fda3fb70000 ---p 00000000 00:00 0 
7fda3fb70000-7fda3fc6e000 rw-p 00000000 00:00 0                          [stack:12939]
7fda3fc6e000-7fda3fc6f000 r-xp 00000000 08:01 7473161                    /home/sahil/idea_ultimate/bin/libbreakgen64.so
7fda3fc6f000-7fda3fe6e000 ---p 00001000 08:01 7473161                    /home/sahil/idea_ultimate/bin/libbreakgen64.so
7fda3fe6e000-7fda3fe6f000 r--p 00000000 08:01 7473161                    /home/sahil/idea_ultimate/bin/libbreakgen64.so
7fda3fe6f000-7fda3fe70000 rw-p 00001000 08:01 7473161                    /home/sahil/idea_ultimate/bin/libbreakgen64.so
7fda3fe70000-7fda3feff000 r--s 00de4000 08:01 29630283                   /usr/lib/jvm/java-7-oracle/jre/lib/jfxrt.jar
7fda3feff000-7fda3ff00000 ---p 00000000 00:00 0 
7fda3ff00000-7fda40000000 rw-p 00000000 00:00 0                          [stack:12938]
7fda40000000-7fda40021000 rw-p 00000000 00:00 0 
7fda40021000-7fda44000000 ---p 00000000 00:00 0 
7fda44000000-7fda44021000 rw-p 00000000 00:00 0 
7fda44021000-7fda48000000 ---p 00000000 00:00 0 
7fda48000000-7fda48021000 rw-p 00000000 00:00 0 
7fda48021000-7fda4c000000 ---p 00000000 00:00 0 
7fda4c011000-7fda4c014000 ---p 00000000 00:00 0 
7fda4c014000-7fda4c112000 rw-p 00000000 00:00 0                          [stack:12937]
7fda4c112000-7fda4c115000 ---p 00000000 00:00 0 
7fda4c115000-7fda4c213000 rw-p 00000000 00:00 0                          [stack:12936]
7fda4c213000-7fda4c216000 ---p 00000000 00:00 0 
7fda4c216000-7fda4c314000 rw-p 00000000 00:00 0                          [stack:12935]
7fda4c314000-7fda4c317000 ---p 00000000 00:00 0 
7fda4c317000-7fda4c415000 rw-p 00000000 00:00 0                          [stack:12934]
7fda4c415000-7fda4cafb000 r--p 00000000 08:01 29104723                   /usr/lib/locale/locale-archive
7fda4cafb000-7fda4cafe000 ---p 00000000 00:00 0 
7fda4cafe000-7fda4cbfc000 rw-p 00000000 00:00 0                          [stack:12933]
7fda4cbfc000-7fda4cbff000 ---p 00000000 00:00 0 
7fda4cbff000-7fda4ccfd000 rw-p 00000000 00:00 0                          [stack:12932]
7fda4ccfd000-7fda4ccfe000 ---p 00000000 00:00 0 
7fda4ccfe000-7fda4d000000 rw-p 00000000 00:00 0                          [stack:12931]
7fda4d000000-7fda4d270000 rwxp 00000000 00:00 0 
7fda4d270000-7fda5021a000 rw-p 00000000 00:00 0 
7fda5021a000-7fda54000000 ---p 00000000 00:00 0 
7fda54016000-7fda54047000 rw-p 00000000 00:00 0 
7fda54047000-7fda5405f000 r--s 001e1000 08:01 29633467                   /usr/lib/jvm/java-7-oracle/jre/lib/deploy.jar
7fda5405f000-7fda54072000 r--s 000d5000 08:01 29633454                   /usr/lib/jvm/java-7-oracle/jre/lib/plugin.jar
7fda54072000-7fda5407b000 r--s 00067000 08:01 29633344                   /usr/lib/jvm/java-7-oracle/jre/lib/javaws.jar
7fda5407b000-7fda54085000 r--s 00251000 08:01 29630325                   /usr/lib/jvm/java-7-oracle/jre/lib/resources.jar
7fda54085000-7fda54e82000 rw-p 00000000 00:00 0 
7fda54e82000-7fda55041000 r--s 039e5000 08:01 29633452                   /usr/lib/jvm/java-7-oracle/jre/lib/rt.jar
7fda55041000-7fda55339000 rw-p 00000000 00:00 0 
7fda55339000-7fda5533a000 ---p 00000000 00:00 0 
7fda5533a000-7fda5543a000 rw-p 00000000 00:00 0                          [stack:12930]
7fda5543a000-7fda5543b000 ---p 00000000 00:00 0 
7fda5543b000-7fda5553b000 rw-p 00000000 00:00 0                          [stack:12929]
7fda5553b000-7fda5553c000 ---p 00000000 00:00 0 
7fda5553c000-7fda5563c000 rw-p 00000000 00:00 0                          [stack:12928]
7fda5563c000-7fda5563d000 ---p 00000000 00:00 0 
7fda5563d000-7fda55748000 rw-p 00000000 00:00 0                          [stack:12927]
7fda55748000-7fda55766000 rw-p 00000000 00:00 0 
7fda55766000-7fda5577a000 rw-p 00000000 00:00 0 
7fda5577a000-7fda558a0000 rw-p 00000000 00:00 0 
7fda558a0000-7fda558ab000 rw-p 00000000 00:00 0 
7fda558ab000-7fda558c9000 rw-p 00000000 00:00 0 
7fda558c9000-7fda558dd000 rw-p 00000000 00:00 0 
7fda558dd000-7fda55a02000 rw-p 00000000 00:00 0 
7fda55a02000-7fda55a0d000 rw-p 00000000 00:00 0 
7fda55a0d000-7fda55a9f000 rw-p 00000000 00:00 0 
7fda55a9f000-7fda55aa0000 rw-p 00000000 00:00 0 
7fda55aa0000-7fda55aba000 r-xp 00000000 08:01 29633393                   /usr/lib/jvm/java-7-oracle/jre/lib/amd64/libzip.so
7fda55aba000-7fda55cba000 ---p 0001a000 08:01 29633393                   /usr/lib/jvm/java-7-oracle/jre/lib/amd64/libzip.so
7fda55cba000-7fda55cbb000 rw-p 0001a000 08:01 29633393                   /usr/lib/jvm/java-7-oracle/jre/lib/amd64/libzip.so
7fda55cbb000-7fda55cc6000 r-xp 00000000 08:01 27133110                   /lib/x86_64-linux-gnu/libnss_files-2.19.so
7fda55cc6000-7fda55ec5000 ---p 0000b000 08:01 27133110                   /lib/x86_64-linux-gnu/libnss_files-2.19.so
7fda55ec5000-7fda55ec6000 r--p 0000a000 08:01 27133110                   /lib/x86_64-linux-gnu/libnss_files-2.19.so
7fda55ec6000-7fda55ec7000 rw-p 0000b000 08:01 27133110                   /lib/x86_64-linux-gnu/libnss_files-2.19.so
7fda55ec7000-7fda55ed2000 r-xp 00000000 08:01 27133102                   /lib/x86_64-linux-gnu/libnss_nis-2.19.so
7fda55ed2000-7fda560d1000 ---p 0000b000 08:01 27133102                   /lib/x86_64-linux-gnu/libnss_nis-2.19.so
7fda560d1000-7fda560d2000 r--p 0000a000 08:01 27133102                   /lib/x86_64-linux-gnu/libnss_nis-2.19.so
7fda560d2000-7fda560d3000 rw-p 0000b000 08:01 27133102                   /lib/x86_64-linux-gnu/libnss_nis-2.19.so
7fda560d3000-7fda560ea000 r-xp 00000000 08:01 27133090                   /lib/x86_64-linux-gnu/libnsl-2.19.so
7fda560ea000-7fda562e9000 ---p 00017000 08:01 27133090                   /lib/x86_64-linux-gnu/libnsl-2.19.so
7fda562e9000-7fda562ea000 r--p 00016000 08:01 27133090                   /lib/x86_64-linux-gnu/libnsl-2.19.so
7fda562ea000-7fda562eb000 rw-p 00017000 08:01 27133090                   /lib/x86_64-linux-gnu/libnsl-2.19.so
7fda562eb000-7fda562ed000 rw-p 00000000 00:00 0 
7fda562ed000-7fda562f6000 r-xp 00000000 08:01 27133098                   /lib/x86_64-linux-gnu/libnss_compat-2.19.so
7fda562f6000-7fda564f5000 ---p 00009000 08:01 27133098                   /lib/x86_64-linux-gnu/libnss_compat-2.19.so
7fda564f5000-7fda564f6000 r--p 00008000 08:01 27133098                   /lib/x86_64-linux-gnu/libnss_compat-2.19.so
7fda564f6000-7fda564f7000 rw-p 00009000 08:01 27133098                   /lib/x86_64-linux-gnu/libnss_compat-2.19.so
7fda564f7000-7fda56520000 r-xp 00000000 08:01 29633416                   /usr/lib/jvm/java-7-oracle/jre/lib/amd64/libjava.so
7fda56520000-7fda56720000 ---p 00029000 08:01 29633416                   /usr/lib/jvm/java-7-oracle/jre/lib/amd64/libjava.so
7fda56720000-7fda56722000 rw-p 00029000 08:01 29633416                   /usr/lib/jvm/java-7-oracle/jre/lib/amd64/libjava.so
7fda56722000-7fda5672f000 r-xp 00000000 08:01 29633420                   /usr/lib/jvm/java-7-oracle/jre/lib/amd64/libverify.so
7fda5672f000-7fda5692e000 ---p 0000d000 08:01 29633420                   /usr/lib/jvm/java-7-oracle/jre/lib/amd64/libverify.so
7fda5692e000-7fda56930000 rw-p 0000c000 08:01 29633420                   /usr/lib/jvm/java-7-oracle/jre/lib/amd64/libverify.so
7fda56930000-7fda56937000 r-xp 00000000 08:01 27133101                   /lib/x86_64-linux-gnu/librt-2.19.so
7fda56937000-7fda56b36000 ---p 00007000 08:01 27133101                   /lib/x86_64-linux-gnu/librt-2.19.so
7fda56b36000-7fda56b37000 r--p 00006000 08:01 27133101                   /lib/x86_64-linux-gnu/librt-2.19.so
7fda56b37000-7fda56b38000 rw-p 00007000 08:01 27133101                   /lib/x86_64-linux-gnu/librt-2.19.so
7fda56b38000-7fda56c3d000 r-xp 00000000 08:01 27133103                   /lib/x86_64-linux-gnu/libm-2.19.so
7fda56c3d000-7fda56e3c000 ---p 00105000 08:01 27133103                   /lib/x86_64-linux-gnu/libm-2.19.so
7fda56e3c000-7fda56e3d000 r--p 00104000 08:01 27133103                   /lib/x86_64-linux-gnu/libm-2.19.so
7fda56e3d000-7fda56e3e000 rw-p 00105000 08:01 27133103                   /lib/x86_64-linux-gnu/libm-2.19.so
7fda56e3e000-7fda579ae000 r-xp 00000000 08:01 29633450                   /usr/lib/jvm/java-7-oracle/jre/lib/amd64/server/libjvm.so
7fda579ae000-7fda57bad000 ---p 00b70000 08:01 29633450                   /usr/lib/jvm/java-7-oracle/jre/lib/amd64/server/libjvm.so
7fda57bad000-7fda57c72000 rw-p 00b6f000 08:01 29633450                   /usr/lib/jvm/java-7-oracle/jre/lib/amd64/server/libjvm.so
7fda57c72000-7fda57cb2000 rw-p 00000000 00:00 0 
7fda57cb2000-7fda57e6c000 r-xp 00000000 08:01 27133089                   /lib/x86_64-linux-gnu/libc-2.19.so
7fda57e6c000-7fda5806c000 ---p 001ba000 08:01 27133089                   /lib/x86_64-linux-gnu/libc-2.19.so
7fda5806c000-7fda58070000 r--p 001ba000 08:01 27133089                   /lib/x86_64-linux-gnu/libc-2.19.so
7fda58070000-7fda58072000 rw-p 001be000 08:01 27133089                   /lib/x86_64-linux-gnu/libc-2.19.so
7fda58072000-7fda58077000 rw-p 00000000 00:00 0 
7fda58077000-7fda5807a000 r-xp 00000000 08:01 27133114                   /lib/x86_64-linux-gnu/libdl-2.19.so
7fda5807a000-7fda58279000 ---p 00003000 08:01 27133114                   /lib/x86_64-linux-gnu/libdl-2.19.so
7fda58279000-7fda5827a000 r--p 00002000 08:01 27133114                   /lib/x86_64-linux-gnu/libdl-2.19.so
7fda5827a000-7fda5827b000 rw-p 00003000 08:01 27133114                   /lib/x86_64-linux-gnu/libdl-2.19.so
7fda5827b000-7fda58291000 r-xp 00000000 08:01 29633502                   /usr/lib/jvm/java-7-oracle/lib/amd64/jli/libjli.so
7fda58291000-7fda58491000 ---p 00016000 08:01 29633502                   /usr/lib/jvm/java-7-oracle/lib/amd64/jli/libjli.so
7fda58491000-7fda58492000 rw-p 00016000 08:01 29633502                   /usr/lib/jvm/java-7-oracle/lib/amd64/jli/libjli.so
7fda58492000-7fda584aa000 r-xp 00000000 08:01 27133099                   /lib/x86_64-linux-gnu/libpthread-2.19.so
7fda584aa000-7fda586aa000 ---p 00018000 08:01 27133099                   /lib/x86_64-linux-gnu/libpthread-2.19.so
7fda586aa000-7fda586ab000 r--p 00018000 08:01 27133099                   /lib/x86_64-linux-gnu/libpthread-2.19.so
7fda586ab000-7fda586ac000 rw-p 00019000 08:01 27133099                   /lib/x86_64-linux-gnu/libpthread-2.19.so
7fda586ac000-7fda586b0000 rw-p 00000000 00:00 0 
7fda586b0000-7fda586d3000 r-xp 00000000 08:01 27133105                   /lib/x86_64-linux-gnu/ld-2.19.so
7fda586d3000-7fda586d5000 r--s 00015000 08:01 8260533                    /home/sahil/idea_ultimate/lib/idea_rt.jar
7fda586d5000-7fda586d9000 r--s 0008a000 08:01 29630321                   /usr/lib/jvm/java-7-oracle/jre/lib/jsse.jar
7fda586d9000-7fda586de000 r--s 0007d000 08:01 29630319                   /usr/lib/jvm/java-7-oracle/jre/lib/jfr.jar
7fda586de000-7fda586e9000 r--s 0037c000 08:01 29630280                   /usr/lib/jvm/java-7-oracle/jre/lib/charsets.jar
7fda586e9000-7fda586f3000 rw-p 00000000 00:00 0 
7fda586f3000-7fda587a9000 rw-p 00000000 00:00 0 
7fda587a9000-7fda587ac000 ---p 00000000 00:00 0 
7fda587ac000-7fda588ae000 rw-p 00000000 00:00 0                          [stack:12926]
7fda588af000-7fda588b0000 r--s 00000000 08:01 29633473                   /usr/lib/jvm/java-7-oracle/jre/lib/management-agent.jar
7fda588b0000-7fda588b2000 r--s 00019000 08:01 29630302                   /usr/lib/jvm/java-7-oracle/jre/lib/jce.jar
7fda588b2000-7fda588c6000 rw-p 00000000 00:00 0 
7fda588c6000-7fda588ce000 rw-s 00000000 08:01 5773552                    /tmp/hsperfdata_sahil/12925
7fda588ce000-7fda588cf000 rw-p 00000000 00:00 0 
7fda588cf000-7fda588d0000 r--p 00000000 00:00 0 
7fda588d0000-7fda588d2000 rw-p 00000000 00:00 0 
7fda588d2000-7fda588d3000 r--p 00022000 08:01 27133105                   /lib/x86_64-linux-gnu/ld-2.19.so
7fda588d3000-7fda588d4000 rw-p 00023000 08:01 27133105                   /lib/x86_64-linux-gnu/ld-2.19.so
7fda588d4000-7fda588d5000 rw-p 00000000 00:00 0 
7fff43bd2000-7fff43bf3000 rw-p 00000000 00:00 0                          [stack]
7fff43bfc000-7fff43bfe000 r-xp 00000000 00:00 0                          [vdso]
7fff43bfe000-7fff43c00000 r--p 00000000 00:00 0                          [vvar]
ffffffffff600000-ffffffffff601000 r-xp 00000000 00:00 0                  [vsyscall]

VM Arguments:
jvm_args: -Didea.launcher.port=7537 -Didea.launcher.bin.path=/home/sahil/idea_ultimate/bin -Dfile.encoding=UTF-8 
java_command: com.intellij.rt.execution.application.AppMain FoosBall.ProjectMain
Launcher Type: SUN_STANDARD

Environment Variables:
JAVA_HOME=/usr/lib/jvm/java-7-oracle
CLASSPATH=/home/sahil/idea_ultimate/bin/../lib/bootstrap.jar:/home/sahil/idea_ultimate/bin/../lib/extensions.jar:/home/sahil/idea_ultimate/bin/../lib/util.jar:/home/sahil/idea_ultimate/bin/../lib/jdom.jar:/home/sahil/idea_ultimate/bin/../lib/log4j.jar:/home/sahil/idea_ultimate/bin/../lib/trove4j.jar:/home/sahil/idea_ultimate/bin/../lib/jna.jar:/usr/lib/jvm/java-7-oracle/lib/tools.jar
PATH=/usr/local/sbin:/usr/local/bin:/usr/sbin:/usr/bin:/sbin:/bin:/usr/games:/usr/local/games:/usr/lib/jvm/java-7-oracle/bin:/usr/lib/jvm/java-7-oracle/db/bin:/usr/lib/jvm/java-7-oracle/jre/bin:/home/sahil/.rvm/bin
LD_LIBRARY_PATH=/home/sahil/idea_ultimate/bin:
SHELL=/usr/bin/zsh
DISPLAY=:0

Signal Handlers:
SIGSEGV: [libjvm.so+0x99f4a0], sa_mask[0]=0x7ffbfeff, sa_flags=0x10000004
SIGBUS: [libjvm.so+0x99f4a0], sa_mask[0]=0x7ffbfeff, sa_flags=0x10000004
SIGFPE: [libjvm.so+0x81a860], sa_mask[0]=0x7ffbfeff, sa_flags=0x10000004
SIGPIPE: [libjvm.so+0x81a860], sa_mask[0]=0x7ffbfeff, sa_flags=0x10000004
SIGXFSZ: [libjvm.so+0x81a860], sa_mask[0]=0x7ffbfeff, sa_flags=0x10000004
SIGILL: [libjvm.so+0x81a860], sa_mask[0]=0x7ffbfeff, sa_flags=0x10000004
SIGUSR1: SIG_DFL, sa_mask[0]=0x00000000, sa_flags=0x00000000
SIGUSR2: [libjvm.so+0x81c060], sa_mask[0]=0x00000004, sa_flags=0x10000004
SIGHUP: [libjvm.so+0x81d160], sa_mask[0]=0x7ffbfeff, sa_flags=0x10000004
SIGINT: [libjvm.so+0x81d160], sa_mask[0]=0x7ffbfeff, sa_flags=0x10000004
SIGTERM: [libjvm.so+0x81d160], sa_mask[0]=0x7ffbfeff, sa_flags=0x10000004
SIGQUIT: [libjvm.so+0x81d160], sa_mask[0]=0x7ffbfeff, sa_flags=0x10000004


---------------  S Y S T E M  ---------------

OS:jessie/sid

uname:Linux 3.16.0-24-generic #32-Ubuntu SMP Tue Oct 28 13:07:32 UTC 2014 x86_64
libc:glibc 2.19 NPTL 2.19 
rlimit: STACK 8192k, CORE 0k, NPROC 14928, NOFILE 4096, AS infinity
load average:4.11 1.83 1.34

/proc/meminfo:
MemTotal:        3843884 kB
MemFree:         2208452 kB
MemAvailable:    3099940 kB
Buffers:           60768 kB
Cached:           990156 kB
SwapCached:         7484 kB
Active:           752852 kB
Inactive:         615928 kB
Active(anon):     199564 kB
Inactive(anon):   184040 kB
Active(file):     553288 kB
Inactive(file):   431888 kB
Unevictable:           0 kB
Mlocked:               0 kB
SwapTotal:       3986428 kB
SwapFree:        3879036 kB
Dirty:               820 kB
Writeback:             0 kB
AnonPages:        314320 kB
Mapped:           109728 kB
Shmem:             65356 kB
Slab:             184000 kB
SReclaimable:     150476 kB
SUnreclaim:        33524 kB
KernelStack:        7008 kB
PageTables:        14508 kB
NFS_Unstable:          0 kB
Bounce:                0 kB
WritebackTmp:          0 kB
CommitLimit:     5908368 kB
Committed_AS:    2615176 kB
VmallocTotal:   34359738367 kB
VmallocUsed:      545416 kB
VmallocChunk:   34359183324 kB
HardwareCorrupted:     0 kB
AnonHugePages:    198656 kB
HugePages_Total:       0
HugePages_Free:        0
HugePages_Rsvd:        0
HugePages_Surp:        0
Hugepagesize:       2048 kB
DirectMap4k:       95308 kB
DirectMap2M:     3893248 kB


CPU:total 4 (2 cores per cpu, 2 threads per core) family 6 model 37 stepping 5, cmov, cx8, fxsr, mmx, sse, sse2, sse3, ssse3, sse4.1, sse4.2, popcnt, ht, tsc, tscinvbit

/proc/cpuinfo:
processor	: 0
vendor_id	: GenuineIntel
cpu family	: 6
model		: 37
model name	: Intel(R) Core(TM) i3 CPU       M 390  @ 2.67GHz
stepping	: 5
microcode	: 0x2
cpu MHz		: 2660.000
cache size	: 3072 KB
physical id	: 0
siblings	: 4
core id		: 0
cpu cores	: 2
apicid		: 0
initial apicid	: 0
fpu		: yes
fpu_exception	: yes
cpuid level	: 11
wp		: yes
flags		: fpu vme de pse tsc msr pae mce cx8 apic sep mtrr pge mca cmov pat pse36 clflush dts acpi mmx fxsr sse sse2 ss ht tm pbe syscall nx rdtscp lm constant_tsc arch_perfmon pebs bts rep_good nopl xtopology nonstop_tsc aperfmperf pni dtes64 monitor ds_cpl vmx est tm2 ssse3 cx16 xtpr pdcm pcid sse4_1 sse4_2 popcnt lahf_lm arat dtherm tpr_shadow vnmi flexpriority ept vpid
bogomips	: 5319.99
clflush size	: 64
cache_alignment	: 64
address sizes	: 36 bits physical, 48 bits virtual
power management:

processor	: 1
vendor_id	: GenuineIntel
cpu family	: 6
model		: 37
model name	: Intel(R) Core(TM) i3 CPU       M 390  @ 2.67GHz
stepping	: 5
microcode	: 0x2
cpu MHz		: 2660.000
cache size	: 3072 KB
physical id	: 0
siblings	: 4
core id		: 2
cpu cores	: 2
apicid		: 4
initial apicid	: 4
fpu		: yes
fpu_exception	: yes
cpuid level	: 11
wp		: yes
flags		: fpu vme de pse tsc msr pae mce cx8 apic sep mtrr pge mca cmov pat pse36 clflush dts acpi mmx fxsr sse sse2 ss ht tm pbe syscall nx rdtscp lm constant_tsc arch_perfmon pebs bts rep_good nopl xtopology nonstop_tsc aperfmperf pni dtes64 monitor ds_cpl vmx est tm2 ssse3 cx16 xtpr pdcm pcid sse4_1 sse4_2 popcnt lahf_lm arat dtherm tpr_shadow vnmi flexpriority ept vpid
bogomips	: 5319.99
clflush size	: 64
cache_alignment	: 64
address sizes	: 36 bits physical, 48 bits virtual
power management:

processor	: 2
vendor_id	: GenuineIntel
cpu family	: 6
model		: 37
model name	: Intel(R) Core(TM) i3 CPU       M 390  @ 2.67GHz
stepping	: 5
microcode	: 0x2
cpu MHz		: 2660.000
cache size	: 3072 KB
physical id	: 0
siblings	: 4
core id		: 0
cpu cores	: 2
apicid		: 1
initial apicid	: 1
fpu		: yes
fpu_exception	: yes
cpuid level	: 11
wp		: yes
flags		: fpu vme de pse tsc msr pae mce cx8 apic sep mtrr pge mca cmov pat pse36 clflush dts acpi mmx fxsr sse sse2 ss ht tm pbe syscall nx rdtscp lm constant_tsc arch_perfmon pebs bts rep_good nopl xtopology nonstop_tsc aperfmperf pni dtes64 monitor ds_cpl vmx est tm2 ssse3 cx16 xtpr pdcm pcid sse4_1 sse4_2 popcnt lahf_lm arat dtherm tpr_shadow vnmi flexpriority ept vpid
bogomips	: 5319.99
clflush size	: 64
cache_alignment	: 64
address sizes	: 36 bits physical, 48 bits virtual
power management:

processor	: 3
vendor_id	: GenuineIntel
cpu family	: 6
model		: 37
model name	: Intel(R) Core(TM) i3 CPU       M 390  @ 2.67GHz
stepping	: 5
microcode	: 0x2
cpu MHz		: 2660.000
cache size	: 3072 KB
physical id	: 0
siblings	: 4
core id		: 2
cpu cores	: 2
apicid		: 5
initial apicid	: 5
fpu		: yes
fpu_exception	: yes
cpuid level	: 11
wp		: yes
flags		: fpu vme de pse tsc msr pae mce cx8 apic sep mtrr pge mca cmov pat pse36 clflush dts acpi mmx fxsr sse sse2 ss ht tm pbe syscall nx rdtscp lm constant_tsc arch_perfmon pebs bts rep_good nopl xtopology nonstop_tsc aperfmperf pni dtes64 monitor ds_cpl vmx est tm2 ssse3 cx16 xtpr pdcm pcid sse4_1 sse4_2 popcnt lahf_lm arat dtherm tpr_shadow vnmi flexpriority ept vpid
bogomips	: 5319.99
clflush size	: 64
cache_alignment	: 64
address sizes	: 36 bits physical, 48 bits virtual
power management:



Memory: 4k page, physical 3843884k(2208452k free), swap 3986428k(3879036k free)

vm_info: Java HotSpot(TM) 64-Bit Server VM (24.65-b04) for linux-amd64 JRE (1.7.0_67-b01), built on Jul 25 2014 09:20:21 by "java_re" with gcc 4.3.0 20080428 (Red Hat 4.3.0-8)

time: Sat Nov 15 20:04:53 2014
elapsed time: 807 seconds

